<?xml version="1.0" encoding="UTF-8"?>
<!-- Generated by org.testng.reporters.JUnitReportReporter -->
<testsuite skipped="0" hostname="Sunits-MacBook-Air.local" name="com.qa.hs.tests.LoginTest" tests="1" failures="0" timestamp="04 Feb 2022 00:52:34 GMT" time="6.745" errors="0">
  <testcase name="loginTest" time="6.745" classname="com.qa.hs.tests.LoginTest"/>
</testsuite> <!-- com.qa.hs.tests.LoginTest -->
